<?xml version="1.0" encoding="UTF-8"?>
<testng-results skipped="0" failed="3" ignored="0" total="11" passed="8">
  <reporter-output>
  </reporter-output>
  <suite name="Suite" duration-ms="281195" started-at="2021-01-15T17:42:37 IST" finished-at="2021-01-15T17:47:18 IST">
    <groups>
    </groups>
    <test name="Test" duration-ms="281195" started-at="2021-01-15T17:42:37 IST" finished-at="2021-01-15T17:47:18 IST">
      <class name="TestCases.Home_Contactus_PageVerification_001">
        <test-method status="PASS" signature="setUp()[pri:0, instance:TestCases.Home_Contactus_PageVerification_001@2925bf5b]" name="setUp" is-config="true" duration-ms="14591" started-at="2021-01-15T17:45:38 IST" finished-at="2021-01-15T17:45:53 IST">
          <reporter-output>
          </reporter-output>
        </test-method> <!-- setUp -->
        <test-method status="FAIL" signature="verifyContactUseLink()[pri:1, instance:TestCases.Home_Contactus_PageVerification_001@2925bf5b]" name="verifyContactUseLink" duration-ms="8313" started-at="2021-01-15T17:45:53 IST" finished-at="2021-01-15T17:46:01 IST">
          <exception class="java.lang.AssertionError">
            <message>
              <![CDATA[expected [CUSTOMER SERVICE - CONTACT US   ] but found [CUSTOMER SERVICE - CONTACT US]]]>
            </message>
            <full-stacktrace>
              <![CDATA[java.lang.AssertionError: expected [CUSTOMER SERVICE - CONTACT US   ] but found [CUSTOMER SERVICE - CONTACT US]
at org.testng.Assert.fail(Assert.java:97)
at org.testng.Assert.assertEqualsImpl(Assert.java:136)
at org.testng.Assert.assertEquals(Assert.java:118)
at org.testng.Assert.assertEquals(Assert.java:575)
at org.testng.Assert.assertEquals(Assert.java:585)
at TestCases.Home_Contactus_PageVerification_001.verifyContactUseLink(Home_Contactus_PageVerification_001.java:45)
at sun.reflect.NativeMethodAccessorImpl.invoke0(Native Method)
at sun.reflect.NativeMethodAccessorImpl.invoke(NativeMethodAccessorImpl.java:62)
at sun.reflect.DelegatingMethodAccessorImpl.invoke(DelegatingMethodAccessorImpl.java:43)
at java.lang.reflect.Method.invoke(Method.java:498)
at org.testng.internal.MethodInvocationHelper.invokeMethod(MethodInvocationHelper.java:133)
at org.testng.internal.TestInvoker.invokeMethod(TestInvoker.java:584)
at org.testng.internal.TestInvoker.invokeTestMethod(TestInvoker.java:172)
at org.testng.internal.MethodRunner.runInSequence(MethodRunner.java:46)
at org.testng.internal.TestInvoker$MethodInvocationAgent.invoke(TestInvoker.java:804)
at org.testng.internal.TestInvoker.invokeTestMethods(TestInvoker.java:145)
at org.testng.internal.TestMethodWorker.invokeTestMethods(TestMethodWorker.java:146)
at org.testng.internal.TestMethodWorker.run(TestMethodWorker.java:128)
at java.util.ArrayList.forEach(ArrayList.java:1257)
at org.testng.TestRunner.privateRun(TestRunner.java:770)
at org.testng.TestRunner.run(TestRunner.java:591)
at org.testng.SuiteRunner.runTest(SuiteRunner.java:402)
at org.testng.SuiteRunner.runSequentially(SuiteRunner.java:396)
at org.testng.SuiteRunner.privateRun(SuiteRunner.java:355)
at org.testng.SuiteRunner.run(SuiteRunner.java:304)
at org.testng.SuiteRunnerWorker.runSuite(SuiteRunnerWorker.java:53)
at org.testng.SuiteRunnerWorker.run(SuiteRunnerWorker.java:96)
at org.testng.TestNG.runSuitesSequentially(TestNG.java:1180)
at org.testng.TestNG.runSuitesLocally(TestNG.java:1102)
at org.testng.TestNG.runSuites(TestNG.java:1032)
at org.testng.TestNG.run(TestNG.java:1000)
at org.testng.remote.AbstractRemoteTestNG.run(AbstractRemoteTestNG.java:115)
at org.testng.remote.RemoteTestNG.initAndRun(RemoteTestNG.java:251)
at org.testng.remote.RemoteTestNG.main(RemoteTestNG.java:77)
]]>
            </full-stacktrace>
          </exception> <!-- java.lang.AssertionError -->
          <reporter-output>
          </reporter-output>
        </test-method> <!-- verifyContactUseLink -->
        <test-method status="PASS" signature="sendMessage()[pri:2, instance:TestCases.Home_Contactus_PageVerification_001@2925bf5b]" name="sendMessage" duration-ms="13657" started-at="2021-01-15T17:46:01 IST" finished-at="2021-01-15T17:46:15 IST">
          <reporter-output>
          </reporter-output>
        </test-method> <!-- sendMessage -->
        <test-method status="PASS" signature="homeButtonVerification()[pri:3, instance:TestCases.Home_Contactus_PageVerification_001@2925bf5b]" name="homeButtonVerification" duration-ms="9968" started-at="2021-01-15T17:46:15 IST" finished-at="2021-01-15T17:46:25 IST">
          <reporter-output>
          </reporter-output>
        </test-method> <!-- homeButtonVerification -->
        <test-method status="PASS" signature="tearDown()[pri:0, instance:TestCases.Home_Contactus_PageVerification_001@2925bf5b]" name="tearDown" is-config="true" duration-ms="1113" started-at="2021-01-15T17:46:25 IST" finished-at="2021-01-15T17:46:26 IST">
          <reporter-output>
          </reporter-output>
        </test-method> <!-- tearDown -->
      </class> <!-- TestCases.Home_Contactus_PageVerification_001 -->
      <class name="TestCases.Women_VerifyWomensPage_001">
        <test-method status="PASS" signature="setUp()[pri:0, instance:TestCases.Women_VerifyWomensPage_001@2a5c8d3f]" name="setUp" is-config="true" duration-ms="19077" started-at="2021-01-15T17:42:37 IST" finished-at="2021-01-15T17:42:56 IST">
          <reporter-output>
          </reporter-output>
        </test-method> <!-- setUp -->
        <test-method status="PASS" signature="VerifyWomenPageSection()[pri:1, instance:TestCases.Women_VerifyWomensPage_001@2a5c8d3f]" name="VerifyWomenPageSection" duration-ms="10882" started-at="2021-01-15T17:42:56 IST" finished-at="2021-01-15T17:43:07 IST">
          <reporter-output>
          </reporter-output>
        </test-method> <!-- VerifyWomenPageSection -->
        <test-method status="PASS" signature="verifySortByDropDowm()[pri:2, instance:TestCases.Women_VerifyWomensPage_001@2a5c8d3f]" name="verifySortByDropDowm" duration-ms="7213" started-at="2021-01-15T17:43:07 IST" finished-at="2021-01-15T17:43:14 IST">
          <reporter-output>
          </reporter-output>
        </test-method> <!-- verifySortByDropDowm -->
        <test-method status="PASS" signature="tearDown()[pri:0, instance:TestCases.Women_VerifyWomensPage_001@2a5c8d3f]" name="tearDown" is-config="true" duration-ms="1568" started-at="2021-01-15T17:43:14 IST" finished-at="2021-01-15T17:43:16 IST">
          <reporter-output>
          </reporter-output>
        </test-method> <!-- tearDown -->
      </class> <!-- TestCases.Women_VerifyWomensPage_001 -->
      <class name="TestCases.Home_Sign_Registration_004">
        <test-method status="PASS" signature="setUp()[pri:0, instance:TestCases.Home_Sign_Registration_004@710f4dc7]" name="setUp" is-config="true" duration-ms="13732" started-at="2021-01-15T17:46:26 IST" finished-at="2021-01-15T17:46:39 IST">
          <reporter-output>
          </reporter-output>
        </test-method> <!-- setUp -->
        <test-method status="PASS" signature="completeRegistraion()[pri:0, instance:TestCases.Home_Sign_Registration_004@710f4dc7]" name="completeRegistraion" duration-ms="37830" started-at="2021-01-15T17:46:39 IST" finished-at="2021-01-15T17:47:17 IST">
          <reporter-output>
          </reporter-output>
        </test-method> <!-- completeRegistraion -->
        <test-method status="PASS" signature="tearDown()[pri:0, instance:TestCases.Home_Sign_Registration_004@710f4dc7]" name="tearDown" is-config="true" duration-ms="1043" started-at="2021-01-15T17:47:17 IST" finished-at="2021-01-15T17:47:18 IST">
          <reporter-output>
          </reporter-output>
        </test-method> <!-- tearDown -->
      </class> <!-- TestCases.Home_Sign_Registration_004 -->
      <class name="TestCases.Home_CartButton_Verification_002">
        <test-method status="PASS" signature="setUp()[pri:0, instance:TestCases.Home_CartButton_Verification_002@b3ca52e]" name="setUp" is-config="true" duration-ms="14652" started-at="2021-01-15T17:44:53 IST" finished-at="2021-01-15T17:45:08 IST">
          <reporter-output>
          </reporter-output>
        </test-method> <!-- setUp -->
        <test-method status="PASS" signature="verifyCartButtonWithoutProduct()[pri:1, instance:TestCases.Home_CartButton_Verification_002@b3ca52e]" name="verifyCartButtonWithoutProduct" duration-ms="5390" started-at="2021-01-15T17:45:08 IST" finished-at="2021-01-15T17:45:14 IST">
          <reporter-output>
          </reporter-output>
        </test-method> <!-- verifyCartButtonWithoutProduct -->
        <test-method status="FAIL" signature="verifyCartButtonWithProduct()[pri:2, instance:TestCases.Home_CartButton_Verification_002@b3ca52e]" name="verifyCartButtonWithProduct" duration-ms="5182" started-at="2021-01-15T17:45:14 IST" finished-at="2021-01-15T17:45:19 IST">
          <exception class="org.openqa.selenium.json.JsonException">
            <message>
              <![CDATA[java.lang.reflect.InvocationTargetException
Build info: version: '3.141.59', revision: 'e82be7d358', time: '2018-11-14T08:17:03'
System info: host: 'DESKTOP-1T2AMDB', ip: '192.168.0.4', os.name: 'Windows 10', os.arch: 'amd64', os.version: '10.0', java.version: '1.8.0_251'
Driver info: driver.version: RemoteWebDriver]]>
            </message>
            <full-stacktrace>
              <![CDATA[org.openqa.selenium.json.JsonException: java.lang.reflect.InvocationTargetException
Build info: version: '3.141.59', revision: 'e82be7d358', time: '2018-11-14T08:17:03'
System info: host: 'DESKTOP-1T2AMDB', ip: '192.168.0.4', os.name: 'Windows 10', os.arch: 'amd64', os.version: '10.0', java.version: '1.8.0_251'
Driver info: driver.version: RemoteWebDriver
at org.openqa.selenium.json.JsonOutput.convertUsingMethod(JsonOutput.java:332)
at org.openqa.selenium.json.JsonOutput.lambda$new$16(JsonOutput.java:155)
at org.openqa.selenium.json.JsonOutput.write(JsonOutput.java:264)
at org.openqa.selenium.json.JsonOutput.lambda$null$21(JsonOutput.java:168)
at java.util.LinkedHashMap$LinkedValues.forEach(LinkedHashMap.java:608)
at org.openqa.selenium.json.JsonOutput.lambda$new$22(JsonOutput.java:168)
at org.openqa.selenium.json.JsonOutput.write(JsonOutput.java:264)
at org.openqa.selenium.json.JsonOutput.lambda$null$23(JsonOutput.java:177)
at com.google.common.collect.SingletonImmutableBiMap.forEach(SingletonImmutableBiMap.java:65)
at org.openqa.selenium.json.JsonOutput.lambda$new$24(JsonOutput.java:176)
at org.openqa.selenium.json.JsonOutput.write(JsonOutput.java:264)
at org.openqa.selenium.json.JsonOutput.write(JsonOutput.java:255)
at org.openqa.selenium.json.Json.toJson(Json.java:42)
at org.openqa.selenium.remote.http.AbstractHttpCommandCodec.encode(AbstractHttpCommandCodec.java:227)
at org.openqa.selenium.remote.http.AbstractHttpCommandCodec.encode(AbstractHttpCommandCodec.java:117)
at org.openqa.selenium.remote.HttpCommandExecutor.execute(HttpCommandExecutor.java:152)
at org.openqa.selenium.remote.service.DriverCommandExecutor.execute(DriverCommandExecutor.java:83)
at org.openqa.selenium.remote.RemoteWebDriver.execute(RemoteWebDriver.java:552)
at org.openqa.selenium.remote.RemoteWebDriver.perform(RemoteWebDriver.java:618)
at org.openqa.selenium.interactions.Actions$BuiltAction.perform(Actions.java:639)
at TestCases.Home_CartButton_Verification_002.verifyCartButtonWithProduct(Home_CartButton_Verification_002.java:47)
at sun.reflect.NativeMethodAccessorImpl.invoke0(Native Method)
at sun.reflect.NativeMethodAccessorImpl.invoke(NativeMethodAccessorImpl.java:62)
at sun.reflect.DelegatingMethodAccessorImpl.invoke(DelegatingMethodAccessorImpl.java:43)
at java.lang.reflect.Method.invoke(Method.java:498)
at org.testng.internal.MethodInvocationHelper.invokeMethod(MethodInvocationHelper.java:133)
at org.testng.internal.TestInvoker.invokeMethod(TestInvoker.java:584)
at org.testng.internal.TestInvoker.invokeTestMethod(TestInvoker.java:172)
at org.testng.internal.MethodRunner.runInSequence(MethodRunner.java:46)
at org.testng.internal.TestInvoker$MethodInvocationAgent.invoke(TestInvoker.java:804)
at org.testng.internal.TestInvoker.invokeTestMethods(TestInvoker.java:145)
at org.testng.internal.TestMethodWorker.invokeTestMethods(TestMethodWorker.java:146)
at org.testng.internal.TestMethodWorker.run(TestMethodWorker.java:128)
at java.util.ArrayList.forEach(ArrayList.java:1257)
at org.testng.TestRunner.privateRun(TestRunner.java:770)
at org.testng.TestRunner.run(TestRunner.java:591)
at org.testng.SuiteRunner.runTest(SuiteRunner.java:402)
at org.testng.SuiteRunner.runSequentially(SuiteRunner.java:396)
at org.testng.SuiteRunner.privateRun(SuiteRunner.java:355)
at org.testng.SuiteRunner.run(SuiteRunner.java:304)
at org.testng.SuiteRunnerWorker.runSuite(SuiteRunnerWorker.java:53)
at org.testng.SuiteRunnerWorker.run(SuiteRunnerWorker.java:96)
at org.testng.TestNG.runSuitesSequentially(TestNG.java:1180)
at org.testng.TestNG.runSuitesLocally(TestNG.java:1102)
at org.testng.TestNG.runSuites(TestNG.java:1032)
at org.testng.TestNG.run(TestNG.java:1000)
at org.testng.remote.AbstractRemoteTestNG.run(AbstractRemoteTestNG.java:115)
at org.testng.remote.RemoteTestNG.initAndRun(RemoteTestNG.java:251)
at org.testng.remote.RemoteTestNG.main(RemoteTestNG.java:77)
Suppressed: org.openqa.selenium.json.JsonException: Attempting to close incomplete json stream
Build info: version: '3.141.59', revision: 'e82be7d358', time: '2018-11-14T08:17:03'
System info: host: 'DESKTOP-1T2AMDB', ip: '192.168.0.4', os.name: 'Windows 10', os.arch: 'amd64', os.version: '10.0', java.version: '1.8.0_251'
Driver info: driver.version: RemoteWebDriver
at org.openqa.selenium.json.JsonOutput.close(JsonOutput.java:279)
at org.openqa.selenium.json.Json.toJson(Json.java:44)
... 36 more
Caused by: java.lang.reflect.InvocationTargetException
at sun.reflect.NativeMethodAccessorImpl.invoke0(Native Method)
at sun.reflect.NativeMethodAccessorImpl.invoke(NativeMethodAccessorImpl.java:62)
at sun.reflect.DelegatingMethodAccessorImpl.invoke(DelegatingMethodAccessorImpl.java:43)
at java.lang.reflect.Method.invoke(Method.java:498)
at org.openqa.selenium.json.JsonOutput.convertUsingMethod(JsonOutput.java:328)
... 48 more
Caused by: org.openqa.selenium.NoSuchElementException: no such element: Unable to locate element: {"method":"xpath","selector":"//img[@title='Faded Short Sleeve T-shirts']"}
  (Session info: chrome=87.0.4280.141)
For documentation on this error, please visit: https://www.seleniumhq.org/exceptions/no_such_element.html
Build info: version: '3.141.59', revision: 'e82be7d358', time: '2018-11-14T08:17:03'
System info: host: 'DESKTOP-1T2AMDB', ip: '192.168.0.4', os.name: 'Windows 10', os.arch: 'amd64', os.version: '10.0', java.version: '1.8.0_251'
Driver info: org.openqa.selenium.chrome.ChromeDriver
Capabilities {acceptInsecureCerts: false, browserName: chrome, browserVersion: 87.0.4280.141, chrome: {chromedriverVersion: 86.0.4240.22 (398b0743353ff..., userDataDir: C:\Users\YashPooja\AppData\...}, goog:chromeOptions: {debuggerAddress: localhost:63507}, javascriptEnabled: true, networkConnectionEnabled: false, pageLoadStrategy: normal, platform: WINDOWS, platformName: WINDOWS, proxy: Proxy(), setWindowRect: true, strictFileInteractability: false, timeouts: {implicit: 0, pageLoad: 300000, script: 30000}, unhandledPromptBehavior: dismiss and notify, webauthn:virtualAuthenticators: true}
Session ID: f2785b07120208c3e1a06ddac44116f5
*** Element info: {Using=xpath, value=//img[@title='Faded Short Sleeve T-shirts']}
at sun.reflect.NativeConstructorAccessorImpl.newInstance0(Native Method)
at sun.reflect.NativeConstructorAccessorImpl.newInstance(NativeConstructorAccessorImpl.java:62)
at sun.reflect.DelegatingConstructorAccessorImpl.newInstance(DelegatingConstructorAccessorImpl.java:45)
at java.lang.reflect.Constructor.newInstance(Constructor.java:423)
at org.openqa.selenium.remote.http.W3CHttpResponseCodec.createException(W3CHttpResponseCodec.java:187)
at org.openqa.selenium.remote.http.W3CHttpResponseCodec.decode(W3CHttpResponseCodec.java:122)
at org.openqa.selenium.remote.http.W3CHttpResponseCodec.decode(W3CHttpResponseCodec.java:49)
at org.openqa.selenium.remote.HttpCommandExecutor.execute(HttpCommandExecutor.java:158)
at org.openqa.selenium.remote.service.DriverCommandExecutor.execute(DriverCommandExecutor.java:83)
at org.openqa.selenium.remote.RemoteWebDriver.execute(RemoteWebDriver.java:552)
at org.openqa.selenium.remote.RemoteWebDriver.findElement(RemoteWebDriver.java:323)
at org.openqa.selenium.remote.RemoteWebDriver.findElementByXPath(RemoteWebDriver.java:428)
at org.openqa.selenium.By$ByXPath.findElement(By.java:353)
at org.openqa.selenium.remote.RemoteWebDriver.findElement(RemoteWebDriver.java:315)
at org.openqa.selenium.support.pagefactory.DefaultElementLocator.findElement(DefaultElementLocator.java:69)
at org.openqa.selenium.support.pagefactory.internal.LocatingElementHandler.invoke(LocatingElementHandler.java:38)
at com.sun.proxy.$Proxy26.getWrappedElement(Unknown Source)
at org.openqa.selenium.interactions.PointerInput$Origin.asArg(PointerInput.java:204)
at org.openqa.selenium.interactions.PointerInput$Move.encode(PointerInput.java:155)
at org.openqa.selenium.interactions.Sequence.encode(Sequence.java:75)
at org.openqa.selenium.interactions.Sequence.toJson(Sequence.java:84)
... 53 more
]]>
            </full-stacktrace>
          </exception> <!-- org.openqa.selenium.json.JsonException -->
          <reporter-output>
          </reporter-output>
        </test-method> <!-- verifyCartButtonWithProduct -->
        <test-method status="PASS" signature="tearDown()[pri:0, instance:TestCases.Home_CartButton_Verification_002@b3ca52e]" name="tearDown" is-config="true" duration-ms="1069" started-at="2021-01-15T17:45:19 IST" finished-at="2021-01-15T17:45:20 IST">
          <reporter-output>
          </reporter-output>
        </test-method> <!-- tearDown -->
      </class> <!-- TestCases.Home_CartButton_Verification_002 -->
      <class name="TestCases.Home_Footer_InformationLinks_Verification_004">
        <test-method status="PASS" signature="setUp()[pri:0, instance:TestCases.Home_Footer_InformationLinks_Verification_004@279fedbd]" name="setUp" is-config="true" duration-ms="13437" started-at="2021-01-15T17:43:38 IST" finished-at="2021-01-15T17:43:52 IST">
          <reporter-output>
          </reporter-output>
        </test-method> <!-- setUp -->
        <test-method status="PASS" signature="verifyMyAccountFooterLinks()[pri:0, instance:TestCases.Home_Footer_InformationLinks_Verification_004@279fedbd]" name="verifyMyAccountFooterLinks" duration-ms="60672" started-at="2021-01-15T17:43:52 IST" finished-at="2021-01-15T17:44:52 IST">
          <reporter-output>
          </reporter-output>
        </test-method> <!-- verifyMyAccountFooterLinks -->
        <test-method status="PASS" signature="tearDown()[pri:0, instance:TestCases.Home_Footer_InformationLinks_Verification_004@279fedbd]" name="tearDown" is-config="true" duration-ms="1144" started-at="2021-01-15T17:44:52 IST" finished-at="2021-01-15T17:44:53 IST">
          <reporter-output>
          </reporter-output>
        </test-method> <!-- tearDown -->
      </class> <!-- TestCases.Home_Footer_InformationLinks_Verification_004 -->
      <class name="TestCases.Dress_VerifyPageTitle_001">
        <test-method status="PASS" signature="setUp()[pri:0, instance:TestCases.Dress_VerifyPageTitle_001@752325ad]" name="setUp" is-config="true" duration-ms="15580" started-at="2021-01-15T17:43:16 IST" finished-at="2021-01-15T17:43:32 IST">
          <reporter-output>
          </reporter-output>
        </test-method> <!-- setUp -->
        <test-method status="PASS" signature="verifyDressPage()[pri:0, instance:TestCases.Dress_VerifyPageTitle_001@752325ad]" name="verifyDressPage" duration-ms="5547" started-at="2021-01-15T17:43:32 IST" finished-at="2021-01-15T17:43:37 IST">
          <reporter-output>
          </reporter-output>
        </test-method> <!-- verifyDressPage -->
        <test-method status="PASS" signature="tearDown()[pri:0, instance:TestCases.Dress_VerifyPageTitle_001@752325ad]" name="tearDown" is-config="true" duration-ms="1076" started-at="2021-01-15T17:43:37 IST" finished-at="2021-01-15T17:43:38 IST">
          <reporter-output>
          </reporter-output>
        </test-method> <!-- tearDown -->
      </class> <!-- TestCases.Dress_VerifyPageTitle_001 -->
      <class name="TestCases.Home_AddToCart_CheckProduct_003">
        <test-method status="PASS" signature="setUp()[pri:0, instance:TestCases.Home_AddToCart_CheckProduct_003@45c7e403]" name="setUp" is-config="true" duration-ms="15836" started-at="2021-01-15T17:45:20 IST" finished-at="2021-01-15T17:45:36 IST">
          <reporter-output>
          </reporter-output>
        </test-method> <!-- setUp -->
        <test-method status="FAIL" signature="ProductSelection()[pri:0, instance:TestCases.Home_AddToCart_CheckProduct_003@45c7e403]" name="ProductSelection" duration-ms="795" started-at="2021-01-15T17:45:36 IST" finished-at="2021-01-15T17:45:36 IST">
          <exception class="java.lang.AssertionError">
            <message>
              <![CDATA[expected [] but found [$16.51]]]>
            </message>
            <full-stacktrace>
              <![CDATA[java.lang.AssertionError: expected [] but found [$16.51]
at org.testng.Assert.fail(Assert.java:97)
at org.testng.Assert.assertEqualsImpl(Assert.java:136)
at org.testng.Assert.assertEquals(Assert.java:118)
at org.testng.Assert.assertEquals(Assert.java:575)
at org.testng.Assert.assertEquals(Assert.java:585)
at TestCases.Home_AddToCart_CheckProduct_003.ProductSelection(Home_AddToCart_CheckProduct_003.java:38)
at sun.reflect.NativeMethodAccessorImpl.invoke0(Native Method)
at sun.reflect.NativeMethodAccessorImpl.invoke(NativeMethodAccessorImpl.java:62)
at sun.reflect.DelegatingMethodAccessorImpl.invoke(DelegatingMethodAccessorImpl.java:43)
at java.lang.reflect.Method.invoke(Method.java:498)
at org.testng.internal.MethodInvocationHelper.invokeMethod(MethodInvocationHelper.java:133)
at org.testng.internal.TestInvoker.invokeMethod(TestInvoker.java:584)
at org.testng.internal.TestInvoker.invokeTestMethod(TestInvoker.java:172)
at org.testng.internal.MethodRunner.runInSequence(MethodRunner.java:46)
at org.testng.internal.TestInvoker$MethodInvocationAgent.invoke(TestInvoker.java:804)
at org.testng.internal.TestInvoker.invokeTestMethods(TestInvoker.java:145)
at org.testng.internal.TestMethodWorker.invokeTestMethods(TestMethodWorker.java:146)
at org.testng.internal.TestMethodWorker.run(TestMethodWorker.java:128)
at java.util.ArrayList.forEach(ArrayList.java:1257)
at org.testng.TestRunner.privateRun(TestRunner.java:770)
at org.testng.TestRunner.run(TestRunner.java:591)
at org.testng.SuiteRunner.runTest(SuiteRunner.java:402)
at org.testng.SuiteRunner.runSequentially(SuiteRunner.java:396)
at org.testng.SuiteRunner.privateRun(SuiteRunner.java:355)
at org.testng.SuiteRunner.run(SuiteRunner.java:304)
at org.testng.SuiteRunnerWorker.runSuite(SuiteRunnerWorker.java:53)
at org.testng.SuiteRunnerWorker.run(SuiteRunnerWorker.java:96)
at org.testng.TestNG.runSuitesSequentially(TestNG.java:1180)
at org.testng.TestNG.runSuitesLocally(TestNG.java:1102)
at org.testng.TestNG.runSuites(TestNG.java:1032)
at org.testng.TestNG.run(TestNG.java:1000)
at org.testng.remote.AbstractRemoteTestNG.run(AbstractRemoteTestNG.java:115)
at org.testng.remote.RemoteTestNG.initAndRun(RemoteTestNG.java:251)
at org.testng.remote.RemoteTestNG.main(RemoteTestNG.java:77)
]]>
            </full-stacktrace>
          </exception> <!-- java.lang.AssertionError -->
          <reporter-output>
          </reporter-output>
        </test-method> <!-- ProductSelection -->
        <test-method status="PASS" signature="tearDown()[pri:0, instance:TestCases.Home_AddToCart_CheckProduct_003@45c7e403]" name="tearDown" is-config="true" duration-ms="1500" started-at="2021-01-15T17:45:36 IST" finished-at="2021-01-15T17:45:38 IST">
          <reporter-output>
          </reporter-output>
        </test-method> <!-- tearDown -->
      </class> <!-- TestCases.Home_AddToCart_CheckProduct_003 -->
    </test> <!-- Test -->
  </suite> <!-- Suite -->
</testng-results>
